<?xml version="1.0" encoding="UTF-8"?>
<testng-results ignored="0" total="3" passed="3" failed="0" skipped="0">
  <reporter-output>
  </reporter-output>
  <suite started-at="2022-01-11T01:00:57 EST" name="Default suite" finished-at="2022-01-11T01:02:00 EST" duration-ms="62556">
    <groups>
    </groups>
    <test started-at="2022-01-11T01:00:57 EST" name="Default test" finished-at="2022-01-11T01:02:00 EST" duration-ms="62556">
      <class name="rizwan.HW4">
        <test-method is-config="true" signature="browserOpen()[pri:0, instance:rizwan.HW4@2cd2a21f]" started-at="2022-01-11T01:00:57 EST" name="browserOpen" finished-at="2022-01-11T01:01:07 EST" duration-ms="9306" status="PASS">
          <reporter-output>
          </reporter-output>
        </test-method> <!-- browserOpen -->
        <test-method signature="householdNav()[pri:0, instance:rizwan.HW4@2cd2a21f]" started-at="2022-01-11T01:01:07 EST" name="householdNav" finished-at="2022-01-11T01:01:10 EST" duration-ms="3064" status="PASS">
          <reporter-output>
          </reporter-output>
        </test-method> <!-- householdNav -->
        <test-method is-config="true" signature="browserOpen()[pri:0, instance:rizwan.HW4@2cd2a21f]" started-at="2022-01-11T01:01:10 EST" name="browserOpen" finished-at="2022-01-11T01:01:20 EST" duration-ms="10500" status="PASS">
          <reporter-output>
          </reporter-output>
        </test-method> <!-- browserOpen -->
        <test-method signature="linksCount()[pri:0, instance:rizwan.HW4@2cd2a21f]" started-at="2022-01-11T01:01:20 EST" name="linksCount" finished-at="2022-01-11T01:01:40 EST" duration-ms="20172" status="PASS">
          <reporter-output>
          </reporter-output>
        </test-method> <!-- linksCount -->
        <test-method is-config="true" signature="browserOpen()[pri:0, instance:rizwan.HW4@2cd2a21f]" started-at="2022-01-11T01:01:40 EST" name="browserOpen" finished-at="2022-01-11T01:01:52 EST" duration-ms="11282" status="PASS">
          <reporter-output>
          </reporter-output>
        </test-method> <!-- browserOpen -->
        <test-method signature="shopNav()[pri:0, instance:rizwan.HW4@2cd2a21f]" started-at="2022-01-11T01:01:52 EST" name="shopNav" finished-at="2022-01-11T01:02:00 EST" duration-ms="8180" status="PASS">
          <reporter-output>
          </reporter-output>
        </test-method> <!-- shopNav -->
      </class> <!-- rizwan.HW4 -->
    </test> <!-- Default test -->
  </suite> <!-- Default suite -->
</testng-results>
